  Camera.cpp
C:\Users\callu\OneDrive\Documents\University\Tools Programming\CMP405-Coursework\WFFC-Edit-master\WOFFCEdit\Camera.cpp(65,22): warning C4244: '=': conversion from 'int' to 'float', possible loss of data
C:\Users\callu\OneDrive\Documents\University\Tools Programming\CMP405-Coursework\WFFC-Edit-master\WOFFCEdit\Camera.cpp(66,22): warning C4244: '=': conversion from 'int' to 'float', possible loss of data
C:\Users\callu\OneDrive\Documents\University\Tools Programming\CMP405-Coursework\WFFC-Edit-master\WOFFCEdit\Camera.cpp(78,21): warning C4244: '=': conversion from 'int' to 'float', possible loss of data
C:\Users\callu\OneDrive\Documents\University\Tools Programming\CMP405-Coursework\WFFC-Edit-master\WOFFCEdit\Camera.cpp(79,21): warning C4244: '=': conversion from 'int' to 'float', possible loss of data
C:\Users\callu\OneDrive\Documents\University\Tools Programming\CMP405-Coursework\WFFC-Edit-master\WOFFCEdit\Camera.cpp(94,27): warning C4244: 'argument': conversion from 'double' to 'float', possible loss of data
C:\Users\callu\OneDrive\Documents\University\Tools Programming\CMP405-Coursework\WFFC-Edit-master\WOFFCEdit\Camera.cpp(93,104): warning C4244: 'argument': conversion from 'double' to 'float', possible loss of data
C:\Users\callu\OneDrive\Documents\University\Tools Programming\CMP405-Coursework\WFFC-Edit-master\WOFFCEdit\Camera.cpp(93,72): warning C4244: 'argument': conversion from 'double' to 'float', possible loss of data
  DisplayChunk.cpp
C:\Users\callu\OneDrive\Documents\University\Tools Programming\CMP405-Coursework\WFFC-Edit-master\WOFFCEdit\DisplayChunk.cpp(14,27): warning C4305: '=': truncation from 'double' to 'float'
C:\Users\callu\OneDrive\Documents\University\Tools Programming\CMP405-Coursework\WFFC-Edit-master\WOFFCEdit\DisplayChunk.cpp(15,49): warning C4244: '=': conversion from 'int' to 'float', possible loss of data
C:\Users\callu\OneDrive\Documents\University\Tools Programming\CMP405-Coursework\WFFC-Edit-master\WOFFCEdit\DisplayChunk.cpp(74,185): warning C4244: 'argument': conversion from 'double' to 'float', possible loss of data
C:\Users\callu\OneDrive\Documents\University\Tools Programming\CMP405-Coursework\WFFC-Edit-master\WOFFCEdit\DisplayChunk.cpp(74,81): warning C4244: 'argument': conversion from 'double' to 'float', possible loss of data
C:\Users\callu\OneDrive\Documents\University\Tools Programming\CMP405-Coursework\WFFC-Edit-master\WOFFCEdit\DisplayChunk.cpp(94,10): warning C4996: 'fopen': This function or variable may be unsafe. Consider using fopen_s instead. To disable deprecation, use _CRT_SECURE_NO_WARNINGS. See online help for details.
C:\Users\callu\OneDrive\Documents\University\Tools Programming\CMP405-Coursework\WFFC-Edit-master\WOFFCEdit\DisplayChunk.cpp(152,10): warning C4996: 'fopen': This function or variable may be unsafe. Consider using fopen_s instead. To disable deprecation, use _CRT_SECURE_NO_WARNINGS. See online help for details.
C:\Users\callu\OneDrive\Documents\University\Tools Programming\CMP405-Coursework\WFFC-Edit-master\WOFFCEdit\DisplayChunk.cpp(189,30): warning C4101: 'index4': unreferenced local variable
C:\Users\callu\OneDrive\Documents\University\Tools Programming\CMP405-Coursework\WFFC-Edit-master\WOFFCEdit\DisplayChunk.cpp(189,14): warning C4101: 'index2': unreferenced local variable
C:\Users\callu\OneDrive\Documents\University\Tools Programming\CMP405-Coursework\WFFC-Edit-master\WOFFCEdit\DisplayChunk.cpp(189,22): warning C4101: 'index3': unreferenced local variable
C:\Users\callu\OneDrive\Documents\University\Tools Programming\CMP405-Coursework\WFFC-Edit-master\WOFFCEdit\DisplayChunk.cpp(189,6): warning C4101: 'index1': unreferenced local variable
  Game.cpp
C:\Users\callu\OneDrive\Documents\University\Tools Programming\CMP405-Coursework\WFFC-Edit-master\WOFFCEdit\Game.cpp(28,16): warning C4305: '=': truncation from 'double' to 'float'
C:\Users\callu\OneDrive\Documents\University\Tools Programming\CMP405-Coursework\WFFC-Edit-master\WOFFCEdit\Game.cpp(269,57): warning C4244: 'argument': conversion from 'double' to 'float', possible loss of data
C:\Users\callu\OneDrive\Documents\University\Tools Programming\CMP405-Coursework\WFFC-Edit-master\WOFFCEdit\Game.cpp(268,57): warning C4244: 'argument': conversion from 'double' to 'float', possible loss of data
C:\Users\callu\OneDrive\Documents\University\Tools Programming\CMP405-Coursework\WFFC-Edit-master\WOFFCEdit\Game.cpp(267,97): warning C4244: 'argument': conversion from 'double' to 'float', possible loss of data
C:\Users\callu\OneDrive\Documents\University\Tools Programming\CMP405-Coursework\WFFC-Edit-master\WOFFCEdit\Game.cpp(253,10): warning C4101: 'Buffer': unreferenced local variable
C:\Users\callu\OneDrive\Documents\University\Tools Programming\CMP405-Coursework\WFFC-Edit-master\WOFFCEdit\Game.cpp(626,33): warning C4244: '=': conversion from 'int' to 'float', possible loss of data
C:\Users\callu\OneDrive\Documents\University\Tools Programming\CMP405-Coursework\WFFC-Edit-master\WOFFCEdit\Game.cpp(627,33): warning C4244: '=': conversion from 'int' to 'float', possible loss of data
C:\Users\callu\OneDrive\Documents\University\Tools Programming\CMP405-Coursework\WFFC-Edit-master\WOFFCEdit\Game.cpp(639,32): warning C4244: '=': conversion from 'int' to 'float', possible loss of data
C:\Users\callu\OneDrive\Documents\University\Tools Programming\CMP405-Coursework\WFFC-Edit-master\WOFFCEdit\Game.cpp(640,32): warning C4244: '=': conversion from 'int' to 'float', possible loss of data
C:\Users\callu\OneDrive\Documents\University\Tools Programming\CMP405-Coursework\WFFC-Edit-master\WOFFCEdit\Game.cpp(655,47): warning C4244: 'argument': conversion from 'double' to 'float', possible loss of data
C:\Users\callu\OneDrive\Documents\University\Tools Programming\CMP405-Coursework\WFFC-Edit-master\WOFFCEdit\Game.cpp(654,89): warning C4244: 'argument': conversion from 'double' to 'float', possible loss of data
C:\Users\callu\OneDrive\Documents\University\Tools Programming\CMP405-Coursework\WFFC-Edit-master\WOFFCEdit\Game.cpp(654,57): warning C4244: 'argument': conversion from 'double' to 'float', possible loss of data
C:\Users\callu\OneDrive\Documents\University\Tools Programming\CMP405-Coursework\WFFC-Edit-master\WOFFCEdit\Game.cpp(670,81): warning C4244: 'argument': conversion from 'int' to 'float', possible loss of data
C:\Users\callu\OneDrive\Documents\University\Tools Programming\CMP405-Coursework\WFFC-Edit-master\WOFFCEdit\Game.cpp(670,57): warning C4244: 'argument': conversion from 'int' to 'float', possible loss of data
C:\Users\callu\OneDrive\Documents\University\Tools Programming\CMP405-Coursework\WFFC-Edit-master\WOFFCEdit\Game.cpp(671,80): warning C4244: 'argument': conversion from 'int' to 'float', possible loss of data
C:\Users\callu\OneDrive\Documents\University\Tools Programming\CMP405-Coursework\WFFC-Edit-master\WOFFCEdit\Game.cpp(671,56): warning C4244: 'argument': conversion from 'int' to 'float', possible loss of data
C:\Users\callu\OneDrive\Documents\University\Tools Programming\CMP405-Coursework\WFFC-Edit-master\WOFFCEdit\Game.cpp(674,20): warning C4018: '<': signed/unsigned mismatch
C:\Users\callu\OneDrive\Documents\University\Tools Programming\CMP405-Coursework\WFFC-Edit-master\WOFFCEdit\Game.cpp(682,46): warning C4244: 'argument': conversion from 'double' to 'float', possible loss of data
C:\Users\callu\OneDrive\Documents\University\Tools Programming\CMP405-Coursework\WFFC-Edit-master\WOFFCEdit\Game.cpp(681,147): warning C4244: 'argument': conversion from 'double' to 'float', possible loss of data
C:\Users\callu\OneDrive\Documents\University\Tools Programming\CMP405-Coursework\WFFC-Edit-master\WOFFCEdit\Game.cpp(681,98): warning C4244: 'argument': conversion from 'double' to 'float', possible loss of data
C:\Users\callu\OneDrive\Documents\University\Tools Programming\CMP405-Coursework\WFFC-Edit-master\WOFFCEdit\Game.cpp(688,111): warning C4244: 'argument': conversion from 'LONG' to 'float', possible loss of data
C:\Users\callu\OneDrive\Documents\University\Tools Programming\CMP405-Coursework\WFFC-Edit-master\WOFFCEdit\Game.cpp(688,85): warning C4244: 'argument': conversion from 'LONG' to 'float', possible loss of data
C:\Users\callu\OneDrive\Documents\University\Tools Programming\CMP405-Coursework\WFFC-Edit-master\WOFFCEdit\Game.cpp(690,109): warning C4244: 'argument': conversion from 'LONG' to 'float', possible loss of data
C:\Users\callu\OneDrive\Documents\University\Tools Programming\CMP405-Coursework\WFFC-Edit-master\WOFFCEdit\Game.cpp(690,83): warning C4244: 'argument': conversion from 'LONG' to 'float', possible loss of data
C:\Users\callu\OneDrive\Documents\University\Tools Programming\CMP405-Coursework\WFFC-Edit-master\WOFFCEdit\Game.cpp(697,21): warning C4018: '<': signed/unsigned mismatch
  Main.cpp
  _WIN32_WINNT not defined. Defaulting to _WIN32_WINNT_MAXVER (see WinSDKVer.h)
  MFCFrame.cpp
  _WIN32_WINNT not defined. Defaulting to _WIN32_WINNT_MAXVER (see WinSDKVer.h)
  MFCMain.cpp
  _WIN32_WINNT not defined. Defaulting to _WIN32_WINNT_MAXVER (see WinSDKVer.h)
  ToolMain.cpp
  _WIN32_WINNT not defined. Defaulting to _WIN32_WINNT_MAXVER (see WinSDKVer.h)
C:\Users\callu\OneDrive\Documents\University\Tools Programming\CMP405-Coursework\WFFC-Edit-master\WOFFCEdit\ToolMain.cpp(95,46): warning C4244: '=': conversion from 'double' to 'float', possible loss of data
C:\Users\callu\OneDrive\Documents\University\Tools Programming\CMP405-Coursework\WFFC-Edit-master\WOFFCEdit\ToolMain.cpp(96,46): warning C4244: '=': conversion from 'double' to 'float', possible loss of data
C:\Users\callu\OneDrive\Documents\University\Tools Programming\CMP405-Coursework\WFFC-Edit-master\WOFFCEdit\ToolMain.cpp(97,46): warning C4244: '=': conversion from 'double' to 'float', possible loss of data
C:\Users\callu\OneDrive\Documents\University\Tools Programming\CMP405-Coursework\WFFC-Edit-master\WOFFCEdit\ToolMain.cpp(98,46): warning C4244: '=': conversion from 'double' to 'float', possible loss of data
C:\Users\callu\OneDrive\Documents\University\Tools Programming\CMP405-Coursework\WFFC-Edit-master\WOFFCEdit\ToolMain.cpp(99,46): warning C4244: '=': conversion from 'double' to 'float', possible loss of data
C:\Users\callu\OneDrive\Documents\University\Tools Programming\CMP405-Coursework\WFFC-Edit-master\WOFFCEdit\ToolMain.cpp(100,46): warning C4244: '=': conversion from 'double' to 'float', possible loss of data
C:\Users\callu\OneDrive\Documents\University\Tools Programming\CMP405-Coursework\WFFC-Edit-master\WOFFCEdit\ToolMain.cpp(101,46): warning C4244: '=': conversion from 'double' to 'float', possible loss of data
C:\Users\callu\OneDrive\Documents\University\Tools Programming\CMP405-Coursework\WFFC-Edit-master\WOFFCEdit\ToolMain.cpp(102,46): warning C4244: '=': conversion from 'double' to 'float', possible loss of data
C:\Users\callu\OneDrive\Documents\University\Tools Programming\CMP405-Coursework\WFFC-Edit-master\WOFFCEdit\ToolMain.cpp(103,46): warning C4244: '=': conversion from 'double' to 'float', possible loss of data
C:\Users\callu\OneDrive\Documents\University\Tools Programming\CMP405-Coursework\WFFC-Edit-master\WOFFCEdit\ToolMain.cpp(115,48): warning C4244: '=': conversion from 'double' to 'float', possible loss of data
C:\Users\callu\OneDrive\Documents\University\Tools Programming\CMP405-Coursework\WFFC-Edit-master\WOFFCEdit\ToolMain.cpp(116,48): warning C4244: '=': conversion from 'double' to 'float', possible loss of data
C:\Users\callu\OneDrive\Documents\University\Tools Programming\CMP405-Coursework\WFFC-Edit-master\WOFFCEdit\ToolMain.cpp(117,48): warning C4244: '=': conversion from 'double' to 'float', possible loss of data
C:\Users\callu\OneDrive\Documents\University\Tools Programming\CMP405-Coursework\WFFC-Edit-master\WOFFCEdit\ToolMain.cpp(121,48): warning C4244: '=': conversion from 'double' to 'float', possible loss of data
C:\Users\callu\OneDrive\Documents\University\Tools Programming\CMP405-Coursework\WFFC-Edit-master\WOFFCEdit\ToolMain.cpp(122,47): warning C4244: '=': conversion from 'double' to 'float', possible loss of data
C:\Users\callu\OneDrive\Documents\University\Tools Programming\CMP405-Coursework\WFFC-Edit-master\WOFFCEdit\ToolMain.cpp(123,42): warning C4244: '=': conversion from 'int' to 'float', possible loss of data
C:\Users\callu\OneDrive\Documents\University\Tools Programming\CMP405-Coursework\WFFC-Edit-master\WOFFCEdit\ToolMain.cpp(127,50): warning C4244: '=': conversion from 'double' to 'int', possible loss of data
C:\Users\callu\OneDrive\Documents\University\Tools Programming\CMP405-Coursework\WFFC-Edit-master\WOFFCEdit\ToolMain.cpp(128,50): warning C4244: '=': conversion from 'double' to 'int', possible loss of data
C:\Users\callu\OneDrive\Documents\University\Tools Programming\CMP405-Coursework\WFFC-Edit-master\WOFFCEdit\ToolMain.cpp(138,57): warning C4244: '=': conversion from 'double' to 'float', possible loss of data
C:\Users\callu\OneDrive\Documents\University\Tools Programming\CMP405-Coursework\WFFC-Edit-master\WOFFCEdit\ToolMain.cpp(139,57): warning C4244: '=': conversion from 'double' to 'float', possible loss of data
C:\Users\callu\OneDrive\Documents\University\Tools Programming\CMP405-Coursework\WFFC-Edit-master\WOFFCEdit\ToolMain.cpp(140,57): warning C4244: '=': conversion from 'double' to 'float', possible loss of data
C:\Users\callu\OneDrive\Documents\University\Tools Programming\CMP405-Coursework\WFFC-Edit-master\WOFFCEdit\ToolMain.cpp(141,58): warning C4244: '=': conversion from 'double' to 'float', possible loss of data
C:\Users\callu\OneDrive\Documents\University\Tools Programming\CMP405-Coursework\WFFC-Edit-master\WOFFCEdit\ToolMain.cpp(142,58): warning C4244: '=': conversion from 'double' to 'float', possible loss of data
C:\Users\callu\OneDrive\Documents\University\Tools Programming\CMP405-Coursework\WFFC-Edit-master\WOFFCEdit\ToolMain.cpp(143,58): warning C4244: '=': conversion from 'double' to 'float', possible loss of data
C:\Users\callu\OneDrive\Documents\University\Tools Programming\CMP405-Coursework\WFFC-Edit-master\WOFFCEdit\ToolMain.cpp(144,59): warning C4244: '=': conversion from 'double' to 'float', possible loss of data
C:\Users\callu\OneDrive\Documents\University\Tools Programming\CMP405-Coursework\WFFC-Edit-master\WOFFCEdit\ToolMain.cpp(145,56): warning C4244: '=': conversion from 'double' to 'float', possible loss of data
C:\Users\callu\OneDrive\Documents\University\Tools Programming\CMP405-Coursework\WFFC-Edit-master\WOFFCEdit\ToolMain.cpp(146,54): warning C4244: '=': conversion from 'double' to 'float', possible loss of data
C:\Users\callu\OneDrive\Documents\University\Tools Programming\CMP405-Coursework\WFFC-Edit-master\WOFFCEdit\ToolMain.cpp(147,57): warning C4244: '=': conversion from 'double' to 'float', possible loss of data
  Generating Code...
  Win32SimpleSample.vcxproj -> C:\Users\callu\OneDrive\Documents\University\Tools Programming\CMP405-Coursework\WFFC-Edit-master\WOFFCEdit\Debug\WoFEdit.exe
