c:\users\callu\onedrive\documents\university\tools programming\cmp405-coursework\wffc-edit-master\woffcedit\wofedit\debug\vc143.pdb
c:\users\callu\onedrive\documents\university\tools programming\cmp405-coursework\wffc-edit-master\woffcedit\wofedit\debug\vc143.idb
c:\users\callu\onedrive\documents\university\tools programming\cmp405-coursework\wffc-edit-master\woffcedit\wofedit\debug\toolmain.obj
c:\users\callu\onedrive\documents\university\tools programming\cmp405-coursework\wffc-edit-master\woffcedit\wofedit\debug\selectdialogue.obj
c:\users\callu\onedrive\documents\university\tools programming\cmp405-coursework\wffc-edit-master\woffcedit\wofedit\debug\sceneobject.obj
c:\users\callu\onedrive\documents\university\tools programming\cmp405-coursework\wffc-edit-master\woffcedit\wofedit\debug\mfcmain.obj
c:\users\callu\onedrive\documents\university\tools programming\cmp405-coursework\wffc-edit-master\woffcedit\wofedit\debug\pch.obj
c:\users\callu\onedrive\documents\university\tools programming\cmp405-coursework\wffc-edit-master\woffcedit\wofedit\debug\mfcrenderframe.obj
c:\users\callu\onedrive\documents\university\tools programming\cmp405-coursework\wffc-edit-master\woffcedit\wofedit\debug\mfcframe.obj
c:\users\callu\onedrive\documents\university\tools programming\cmp405-coursework\wffc-edit-master\woffcedit\wofedit\debug\main.obj
c:\users\callu\onedrive\documents\university\tools programming\cmp405-coursework\wffc-edit-master\woffcedit\wofedit\debug\game.obj
c:\users\callu\onedrive\documents\university\tools programming\cmp405-coursework\wffc-edit-master\woffcedit\wofedit\debug\displayobject.obj
c:\users\callu\onedrive\documents\university\tools programming\cmp405-coursework\wffc-edit-master\woffcedit\wofedit\debug\displaychunk.obj
c:\users\callu\onedrive\documents\university\tools programming\cmp405-coursework\wffc-edit-master\woffcedit\wofedit\debug\deviceresources.obj
c:\users\callu\onedrive\documents\university\tools programming\cmp405-coursework\wffc-edit-master\woffcedit\wofedit\debug\createdialogue.obj
c:\users\callu\onedrive\documents\university\tools programming\cmp405-coursework\wffc-edit-master\woffcedit\wofedit\debug\chunkobject.obj
c:\users\callu\onedrive\documents\university\tools programming\cmp405-coursework\wffc-edit-master\woffcedit\wofedit\debug\cameradialogue.obj
c:\users\callu\onedrive\documents\university\tools programming\cmp405-coursework\wffc-edit-master\woffcedit\wofedit\debug\camera.obj
c:\users\callu\onedrive\documents\university\tools programming\cmp405-coursework\wffc-edit-master\woffcedit\wofedit\debug\sqlite3.obj
c:\users\callu\onedrive\documents\university\tools programming\cmp405-coursework\wffc-edit-master\woffcedit\debug\wofedit.exe
c:\users\callu\onedrive\documents\university\tools programming\cmp405-coursework\wffc-edit-master\woffcedit\debug\wofedit.pdb
c:\users\callu\onedrive\documents\university\tools programming\cmp405-coursework\wffc-edit-master\woffcedit\wofedit\debug\win32simplesample.res
c:\users\callu\onedrive\documents\university\tools programming\cmp405-coursework\wffc-edit-master\woffcedit\wofedit\debug\wofedit.ilk
c:\users\callu\onedrive\documents\university\tools programming\cmp405-coursework\wffc-edit-master\woffcedit\wofedit\debug\wofedit.tlog\cl.command.1.tlog
c:\users\callu\onedrive\documents\university\tools programming\cmp405-coursework\wffc-edit-master\woffcedit\wofedit\debug\wofedit.tlog\cl.items.tlog
c:\users\callu\onedrive\documents\university\tools programming\cmp405-coursework\wffc-edit-master\woffcedit\wofedit\debug\wofedit.tlog\cl.read.1.tlog
c:\users\callu\onedrive\documents\university\tools programming\cmp405-coursework\wffc-edit-master\woffcedit\wofedit\debug\wofedit.tlog\cl.write.1.tlog
c:\users\callu\onedrive\documents\university\tools programming\cmp405-coursework\wffc-edit-master\woffcedit\wofedit\debug\wofedit.tlog\link.command.1.tlog
c:\users\callu\onedrive\documents\university\tools programming\cmp405-coursework\wffc-edit-master\woffcedit\wofedit\debug\wofedit.tlog\link.read.1.tlog
c:\users\callu\onedrive\documents\university\tools programming\cmp405-coursework\wffc-edit-master\woffcedit\wofedit\debug\wofedit.tlog\link.secondary.1.tlog
c:\users\callu\onedrive\documents\university\tools programming\cmp405-coursework\wffc-edit-master\woffcedit\wofedit\debug\wofedit.tlog\link.write.1.tlog
c:\users\callu\onedrive\documents\university\tools programming\cmp405-coursework\wffc-edit-master\woffcedit\wofedit\debug\wofedit.tlog\rc.command.1.tlog
c:\users\callu\onedrive\documents\university\tools programming\cmp405-coursework\wffc-edit-master\woffcedit\wofedit\debug\wofedit.tlog\rc.read.1.tlog
c:\users\callu\onedrive\documents\university\tools programming\cmp405-coursework\wffc-edit-master\woffcedit\wofedit\debug\wofedit.tlog\rc.write.1.tlog
